[11May2025 00:09:03.952] [Server thread/INFO] [net.minecraft.server.MinecraftServer/]: [itstomii_: Gamerule doImmediateRespawn is now set to: true]
[11May2025 00:09:19.957] [Server thread/INFO] [net.minecraft.server.MinecraftServer/]: itstomii_ has made the advancement [Sweet Dreams]
[11May2025 00:09:35.667] [Server thread/INFO] [net.minecraft.server.MinecraftServer/]: itstomii_ was killed
[11May2025 00:09:35.670] [Server thread/INFO] [net.minecraft.server.MinecraftServer/]: [itstomii_: Killed itstomii_]
[11May2025 00:09:41.185] [Server thread/INFO] [net.minecraft.server.MinecraftServer/]: [itstomii_: Set own game mode to Creative Mode]
[11May2025 00:09:46.918] [Server thread/INFO] [net.minecraft.server.MinecraftServer/]: itstomii_ was killed
[11May2025 00:09:46.922] [Server thread/INFO] [net.minecraft.server.MinecraftServer/]: [itstomii_: Killed itstomii_]
[11May2025 00:09:49.253] [Server thread/INFO] [net.minecraft.server.MinecraftServer/]: [itstomii_: Set own game mode to Creative Mode]
[11May2025 00:10:36.538] [Server thread/INFO] [net.minecraft.server.MinecraftServer/]: itstomii_ was killed
[11May2025 00:10:36.542] [Server thread/INFO] [net.minecraft.server.MinecraftServer/]: [itstomii_: Killed itstomii_]
[11May2025 00:10:40.002] [Server thread/INFO] [net.minecraft.server.MinecraftServer/]: [itstomii_: Set own game mode to Creative Mode]
[11May2025 00:11:47.687] [Server thread/INFO] [net.minecraft.server.MinecraftServer/]: itstomii_ was killed
[11May2025 00:11:47.688] [Server thread/INFO] [net.minecraft.server.MinecraftServer/]: [itstomii_: Killed itstomii_]
[11May2025 00:11:49.321] [Server thread/INFO] [net.minecraft.server.MinecraftServer/]: [itstomii_: Set own game mode to Creative Mode]
[11May2025 00:12:43.502] [Server thread/INFO] [net.minecraft.server.network.ServerGamePacketListenerImpl/]: itstomii_ lost connection: Disconnected
[11May2025 00:12:43.503] [Server thread/INFO] [net.minecraft.server.MinecraftServer/]: itstomii_ left the game
[11May2025 00:12:43.506] [Server thread/INFO] [voicechat/]: [voicechat] Disconnecting client itstomii_
[11May2025 00:13:14.811] [Server thread/INFO] [net.minecraft.server.players.PlayerList/]: itstomii_[/100.76.30.27:59980] logged in with entity id 14473 at (25.222529879539824, -60.9619749789508, -6.577861195124164)
[11May2025 00:13:14.851] [Server thread/INFO] [net.minecraft.server.MinecraftServer/]: itstomii_ joined the game
[11May2025 00:13:14.922] [Server thread/INFO] [Jade/]: Syncing config to itstomii_ (b1e3719d-0bc3-3993-821f-922b52823a62)
[11May2025 00:13:15.224] [Server thread/INFO] [voicechat/]: [voicechat] Received secret request of itstomii_ (18)
[11May2025 00:13:15.224] [Server thread/INFO] [voicechat/]: [voicechat] Sent secret to itstomii_
[11May2025 00:13:19.732] [VoiceChatPacketProcessingThread/INFO] [voicechat/]: [voicechat] Successfully authenticated player b1e3719d-0bc3-3993-821f-922b52823a62
[11May2025 00:13:20.712] [VoiceChatPacketProcessingThread/INFO] [voicechat/]: [voicechat] Successfully validated connection of player b1e3719d-0bc3-3993-821f-922b52823a62
[11May2025 00:13:20.713] [VoiceChatPacketProcessingThread/INFO] [voicechat/]: [voicechat] Player itstomii_ (b1e3719d-0bc3-3993-821f-922b52823a62) successfully connected to voice chat
[11May2025 00:16:56.800] [Server thread/INFO] [net.minecraft.server.network.ServerGamePacketListenerImpl/]: itstomii_ lost connection: Disconnected
[11May2025 00:16:56.800] [Server thread/INFO] [net.minecraft.server.MinecraftServer/]: itstomii_ left the game
[11May2025 00:16:56.800] [Server thread/INFO] [voicechat/]: [voicechat] Disconnecting client itstomii_
[11May2025 00:17:41.405] [Server thread/INFO] [net.minecraft.server.players.PlayerList/]: itstomii_[/100.76.30.27:60070] logged in with entity id 14823 at (27.609766812091518, -62.0, -5.675237842214353)
[11May2025 00:17:41.442] [Server thread/INFO] [net.minecraft.server.MinecraftServer/]: itstomii_ joined the game
[11May2025 00:17:41.515] [Server thread/INFO] [Jade/]: Syncing config to itstomii_ (b1e3719d-0bc3-3993-821f-922b52823a62)
[11May2025 00:17:41.680] [Server thread/INFO] [voicechat/]: [voicechat] Received secret request of itstomii_ (18)
[11May2025 00:17:41.681] [Server thread/INFO] [voicechat/]: [voicechat] Sent secret to itstomii_
[11May2025 00:17:44.546] [VoiceChatPacketProcessingThread/INFO] [voicechat/]: [voicechat] Successfully authenticated player b1e3719d-0bc3-3993-821f-922b52823a62
[11May2025 00:17:45.542] [VoiceChatPacketProcessingThread/INFO] [voicechat/]: [voicechat] Successfully validated connection of player b1e3719d-0bc3-3993-821f-922b52823a62
[11May2025 00:17:45.542] [VoiceChatPacketProcessingThread/INFO] [voicechat/]: [voicechat] Player itstomii_ (b1e3719d-0bc3-3993-821f-922b52823a62) successfully connected to voice chat
[11May2025 00:17:59.919] [Server thread/INFO] [net.minecraft.server.MinecraftServer/]: itstomii_ was killed
[11May2025 00:17:59.920] [Server thread/INFO] [net.minecraft.server.MinecraftServer/]: [itstomii_: Killed itstomii_]
[11May2025 00:18:03.729] [Server thread/INFO] [net.minecraft.server.MinecraftServer/]: [itstomii_: Set own game mode to Creative Mode]
[11May2025 00:18:11.900] [Server thread/INFO] [net.minecraft.server.network.ServerGamePacketListenerImpl/]: itstomii_ lost connection: Disconnected
[11May2025 00:18:11.901] [Server thread/INFO] [net.minecraft.server.MinecraftServer/]: itstomii_ left the game
[11May2025 00:18:11.902] [Server thread/INFO] [voicechat/]: [voicechat] Disconnecting client itstomii_
[11May2025 00:18:18.607] [Server thread/INFO] [net.minecraft.server.players.PlayerList/]: itstomii_[/100.76.30.27:60105] logged in with entity id 14890 at (24.205772726784666, -62.0, -5.392724673392081)
[11May2025 00:18:18.623] [Server thread/INFO] [net.minecraft.server.MinecraftServer/]: itstomii_ joined the game
[11May2025 00:18:18.657] [Server thread/INFO] [Jade/]: Syncing config to itstomii_ (b1e3719d-0bc3-3993-821f-922b52823a62)
[11May2025 00:18:18.872] [Server thread/INFO] [voicechat/]: [voicechat] Received secret request of itstomii_ (18)
[11May2025 00:18:18.872] [Server thread/INFO] [voicechat/]: [voicechat] Sent secret to itstomii_
[11May2025 00:18:21.408] [VoiceChatPacketProcessingThread/INFO] [voicechat/]: [voicechat] Successfully authenticated player b1e3719d-0bc3-3993-821f-922b52823a62
[11May2025 00:18:22.416] [VoiceChatPacketProcessingThread/INFO] [voicechat/]: [voicechat] Successfully validated connection of player b1e3719d-0bc3-3993-821f-922b52823a62
[11May2025 00:18:22.417] [VoiceChatPacketProcessingThread/INFO] [voicechat/]: [voicechat] Player itstomii_ (b1e3719d-0bc3-3993-821f-922b52823a62) successfully connected to voice chat
[11May2025 00:20:51.202] [Server thread/INFO] [net.minecraft.server.MinecraftServer/]: itstomii_ was killed
[11May2025 00:20:51.202] [Server thread/INFO] [net.minecraft.server.MinecraftServer/]: [itstomii_: Killed itstomii_]
[11May2025 00:20:58.653] [Server thread/INFO] [net.minecraft.server.MinecraftServer/]: [itstomii_: Set own game mode to Survival Mode]
[11May2025 00:21:00.987] [Server thread/INFO] [net.minecraft.server.MinecraftServer/]: [itstomii_: Set own game mode to Creative Mode]
[11May2025 00:21:31.404] [Server thread/INFO] [net.minecraft.server.MinecraftServer/]: [itstomii_: Removed tag 'muerto' from itstomii_]
[11May2025 00:21:38.276] [Server thread/INFO] [net.minecraft.server.MinecraftServer/]: [itstomii_: Set own game mode to Creative Mode]
[11May2025 00:25:37.278] [Server thread/INFO] [net.minecraft.server.MinecraftServer/]: itstomii_ was killed
[11May2025 00:25:37.279] [Server thread/INFO] [net.minecraft.server.MinecraftServer/]: [itstomii_: Killed itstomii_]
[11May2025 00:25:43.150] [Server thread/INFO] [net.minecraft.server.MinecraftServer/]: [itstomii_: Set own game mode to Creative Mode]
[11May2025 00:28:08.534] [Server thread/INFO] [net.minecraft.server.MinecraftServer/]: itstomii_ was killed
[11May2025 00:28:08.536] [Server thread/INFO] [net.minecraft.server.MinecraftServer/]: [itstomii_: Killed itstomii_]
[11May2025 00:28:11.324] [Server thread/INFO] [net.minecraft.server.MinecraftServer/]: [itstomii_: Set own game mode to Creative Mode]
[11May2025 00:28:28.465] [Server thread/INFO] [net.minecraft.server.MinecraftServer/]: itstomii_ was killed
[11May2025 00:28:28.466] [Server thread/INFO] [net.minecraft.server.MinecraftServer/]: [itstomii_: Killed itstomii_]
[11May2025 00:28:30.652] [Server thread/INFO] [net.minecraft.server.MinecraftServer/]: [itstomii_: Set own game mode to Creative Mode]
[11May2025 00:29:21.653] [Server thread/INFO] [net.minecraft.server.MinecraftServer/]: itstomii_ was killed
[11May2025 00:29:21.653] [Server thread/INFO] [net.minecraft.server.MinecraftServer/]: [itstomii_: Killed itstomii_]
[11May2025 00:29:55.911] [Server thread/INFO] [net.minecraft.server.MinecraftServer/]: [itstomii_: Removed tag 'muerto' from itstomii_]
[11May2025 00:29:58.257] [Server thread/INFO] [net.minecraft.server.MinecraftServer/]: [itstomii_: Set own game mode to Creative Mode]
[11May2025 00:30:00.904] [Server thread/INFO] [net.minecraft.server.MinecraftServer/]: [itstomii_: Removed tag 'muerto' from itstomii_]
[11May2025 00:30:02.972] [Server thread/INFO] [net.minecraft.server.MinecraftServer/]: [itstomii_: Set own game mode to Creative Mode]
[11May2025 00:33:00.484] [Server thread/INFO] [net.minecraft.server.MinecraftServer/]: [itstomii_: Set own game mode to Spectator Mode]
[11May2025 00:33:01.810] [Server thread/INFO] [net.minecraft.server.MinecraftServer/]: [itstomii_: Set own game mode to Creative Mode]
[11May2025 00:33:11.793] [Server thread/INFO] [net.minecraft.server.MinecraftServer/]: [itstomii_: Removed tag 'muerto' from itstomii_]
[11May2025 00:33:18.373] [Server thread/INFO] [net.minecraft.server.MinecraftServer/]: [itstomii_: Set own game mode to Creative Mode]
[11May2025 00:33:36.119] [Server thread/INFO] [net.minecraft.server.MinecraftServer/]: itstomii_ was killed
[11May2025 00:33:36.121] [Server thread/INFO] [net.minecraft.server.MinecraftServer/]: [itstomii_: Killed itstomii_]
[11May2025 00:33:40.907] [Server thread/INFO] [net.minecraft.server.MinecraftServer/]: [itstomii_: Set own game mode to Creative Mode]
[11May2025 00:34:56.876] [Server thread/INFO] [net.minecraft.server.MinecraftServer/]: itstomii_ was killed
[11May2025 00:34:56.878] [Server thread/INFO] [net.minecraft.server.MinecraftServer/]: [itstomii_: Killed itstomii_]
[11May2025 00:35:01.750] [Server thread/INFO] [net.minecraft.server.MinecraftServer/]: [itstomii_: Set own game mode to Creative Mode]
[11May2025 00:35:08.206] [Server thread/INFO] [net.minecraft.server.MinecraftServer/]: [itstomii_: Set own game mode to Creative Mode]
[11May2025 00:35:11.779] [Server thread/INFO] [net.minecraft.server.MinecraftServer/]: [itstomii_: Set own game mode to Creative Mode]
[11May2025 00:35:15.160] [Server thread/INFO] [net.minecraft.server.MinecraftServer/]: [itstomii_: Set own game mode to Creative Mode]
[11May2025 00:35:48.726] [Server thread/INFO] [net.minecraft.server.MinecraftServer/]: [itstomii_: Removed tag 'muerto' from itstomii_]
[11May2025 00:35:50.618] [Server thread/INFO] [net.minecraft.server.MinecraftServer/]: [itstomii_: Set own game mode to Creative Mode]
[11May2025 00:36:31.418] [Server thread/INFO] [net.minecraft.server.MinecraftServer/]: [itstomii_: Set own game mode to Spectator Mode]
[11May2025 00:36:32.503] [Server thread/INFO] [net.minecraft.server.MinecraftServer/]: [itstomii_: Set own game mode to Creative Mode]
[11May2025 00:36:34.153] [Server thread/INFO] [net.minecraft.server.MinecraftServer/]: [itstomii_: Removed tag 'muerto' from itstomii_]
[11May2025 00:36:41.531] [Server thread/INFO] [net.minecraft.server.MinecraftServer/]: [itstomii_: Set own game mode to Creative Mode]
[11May2025 00:37:16.762] [Server thread/INFO] [net.minecraft.server.MinecraftServer/]: itstomii_ was killed
[11May2025 00:37:16.764] [Server thread/INFO] [net.minecraft.server.MinecraftServer/]: [itstomii_: Killed itstomii_]
[11May2025 00:37:22.666] [Server thread/INFO] [net.minecraft.server.MinecraftServer/]: [itstomii_: Set own game mode to Creative Mode]
[11May2025 00:37:34.715] [Server thread/INFO] [net.minecraft.server.MinecraftServer/]: itstomii_ was killed
[11May2025 00:37:34.716] [Server thread/INFO] [net.minecraft.server.MinecraftServer/]: [itstomii_: Killed itstomii_]
[11May2025 00:37:36.530] [Server thread/INFO] [net.minecraft.server.MinecraftServer/]: itstomii_ was killed
[11May2025 00:37:36.530] [Server thread/INFO] [net.minecraft.server.MinecraftServer/]: [itstomii_: Killed itstomii_]
[11May2025 00:37:37.241] [Server thread/INFO] [net.minecraft.server.MinecraftServer/]: itstomii_ was killed
[11May2025 00:37:37.242] [Server thread/INFO] [net.minecraft.server.MinecraftServer/]: [itstomii_: Killed itstomii_]
[11May2025 00:37:42.262] [Server thread/INFO] [net.minecraft.server.MinecraftServer/]: [itstomii_: Set own game mode to Creative Mode]
[11May2025 00:37:58.372] [Server thread/INFO] [net.minecraft.server.MinecraftServer/]: itstomii_ has made the advancement [Monster Hunter]
